<?xml version="1.0" encoding="UTF-8"?>
<testng-results ignored="0" total="1" passed="1" failed="0" skipped="0">
  <reporter-output>
  </reporter-output>
  <suite started-at="2023-04-14T17:37:18 EEST" name="iOS Test Suite" finished-at="2023-04-14T17:37:55 EEST" duration-ms="37781">
    <groups>
    </groups>
    <test started-at="2023-04-14T17:37:18 EEST" name="Reminder Regression" finished-at="2023-04-14T17:37:55 EEST" duration-ms="37781">
      <class name="Reminder">
        <test-method is-config="true" signature="setUp()[pri:0, instance:Reminder@cad498c]" started-at="2023-04-14T17:37:18 EEST" name="setUp" finished-at="2023-04-14T17:37:29 EEST" duration-ms="11028" status="PASS">
          <reporter-output>
          </reporter-output>
        </test-method> <!-- setUp -->
        <test-method signature="reminder()[pri:0, instance:Reminder@cad498c]" started-at="2023-04-14T17:37:29 EEST" name="reminder" finished-at="2023-04-14T17:37:55 EEST" duration-ms="26663" status="PASS">
          <reporter-output>
          </reporter-output>
        </test-method> <!-- reminder -->
      </class> <!-- Reminder -->
    </test> <!-- Reminder Regression -->
  </suite> <!-- iOS Test Suite -->
</testng-results>
